D:\VISUALC\201111_SCANF\201111_SCANF\DEBUG\201111_SCANF.EXE.EMBED.MANIFEST
D:\VISUALC\201111_SCANF\201111_SCANF\DEBUG\201111_SCANF.EXE.EMBED.MANIFEST.RES
D:\VISUALC\201111_SCANF\201111_SCANF\DEBUG\201111_SCANF.EXE.INTERMEDIATE.MANIFEST
D:\visualC\201111_scanf\201111_scanf\Debug\201111_scanf.vcxprojResolveAssemblyReference.cache
D:\visualC\201111_scanf\201111_scanf\Debug\201111_scanf.write.1.tlog
D:\visualC\201111_scanf\201111_scanf\Debug\201111_scanf_manifest.rc
D:\visualC\201111_scanf\201111_scanf\Debug\cl.command.1.tlog
D:\visualC\201111_scanf\201111_scanf\Debug\CL.read.1.tlog
D:\visualC\201111_scanf\201111_scanf\Debug\CL.write.1.tlog
D:\visualC\201111_scanf\201111_scanf\Debug\link.10504.read.1.tlog
D:\visualC\201111_scanf\201111_scanf\Debug\link.10504.write.1.tlog
D:\visualC\201111_scanf\201111_scanf\Debug\link.10504-cvtres.read.1.tlog
D:\visualC\201111_scanf\201111_scanf\Debug\link.10504-cvtres.write.1.tlog
D:\visualC\201111_scanf\201111_scanf\Debug\link.command.1.tlog
D:\visualC\201111_scanf\201111_scanf\Debug\link.read.1.tlog
D:\visualC\201111_scanf\201111_scanf\Debug\link.write.1.tlog
D:\visualC\201111_scanf\201111_scanf\Debug\link-cvtres.read.1.tlog
D:\visualC\201111_scanf\201111_scanf\Debug\link-cvtres.write.1.tlog
D:\visualC\201111_scanf\201111_scanf\Debug\mt.command.1.tlog
D:\visualC\201111_scanf\201111_scanf\Debug\mt.read.1.tlog
D:\visualC\201111_scanf\201111_scanf\Debug\mt.write.1.tlog
D:\visualC\201111_scanf\201111_scanf\Debug\rc.command.1.tlog
D:\visualC\201111_scanf\201111_scanf\Debug\rc.read.1.tlog
D:\visualC\201111_scanf\201111_scanf\Debug\rc.write.1.tlog
D:\VISUALC\201111_SCANF\201111_SCANF\DEBUG\SCANF.OBJ
D:\visualC\201111_scanf\201111_scanf\Debug\vc100.idb
D:\VISUALC\201111_SCANF\201111_SCANF\DEBUG\VC100.PDB
D:\VISUALC\201111_SCANF\DEBUG\201111_SCANF.EXE
D:\VISUALC\201111_SCANF\DEBUG\201111_SCANF.ILK
D:\VISUALC\201111_SCANF\DEBUG\201111_SCANF.PDB
