빌드 시작: 2021-01-11 오후 2:15:17
     1>2 노드의 "C:\visualC\COMARC_mul_div\COMARC_mul_div\COMARC_mul_div.vcxproj" 프로젝트(build 대상)입니다.
     1>InitializeBuildStatus:
         "AlwaysCreate"이(가) 지정되었기 때문에 "Debug\COMARC_mul_div.unsuccessfulbuild"을(를) 만들고 있습니다.
       ClCompile:
         C:\Program Files (x86)\Microsoft Visual Studio 10.0\VC\bin\CL.exe /c /ZI /nologo /W3 /WX- /Od /Oy- /D WIN32 /D _DEBUG /D _CONSOLE /D _UNICODE /D UNICODE /Gm /EHsc /RTC1 /MDd /GS /fp:precise /Zc:wchar_t /Zc:forScope /Fo"Debug\\" /Fd"Debug\vc100.pdb" /Gd /TC /analyze- /errorReport:prompt COMARC_mul_div.c
         COMARC_mul_div.c
     1>c:\visualc\comarc_mul_div\comarc_mul_div\comarc_mul_div.c(18): warning C4996: 'scanf': This function or variable may be unsafe. Consider using scanf_s instead. To disable deprecation, use _CRT_SECURE_NO_WARNINGS. See online help for details.
                 c:\program files (x86)\microsoft visual studio 10.0\vc\include\stdio.h(304) : 'scanf' 선언을 참조하십시오.
     1>c:\visualc\comarc_mul_div\comarc_mul_div\comarc_mul_div.c(9): warning C4716: 'rotate' : 값을 반환해야 합니다.
       ManifestResourceCompile:
         모든 출력이 최신 상태입니다.
       Link:
         C:\Program Files (x86)\Microsoft Visual Studio 10.0\VC\bin\link.exe /ERRORREPORT:PROMPT /OUT:"C:\visualC\COMARC_mul_div\Debug\COMARC_mul_div.exe" /INCREMENTAL /NOLOGO kernel32.lib user32.lib gdi32.lib winspool.lib comdlg32.lib advapi32.lib shell32.lib ole32.lib oleaut32.lib uuid.lib odbc32.lib odbccp32.lib /MANIFEST /ManifestFile:"Debug\COMARC_mul_div.exe.intermediate.manifest" /MANIFESTUAC:"level='asInvoker' uiAccess='false'" /DEBUG /PDB:"C:\visualC\COMARC_mul_div\Debug\COMARC_mul_div.pdb" /SUBSYSTEM:CONSOLE /TLBID:1 /DYNAMICBASE /NXCOMPAT /IMPLIB:"C:\visualC\COMARC_mul_div\Debug\COMARC_mul_div.lib" /MACHINE:X86 Debug\COMARC_mul_div.exe.embed.manifest.res
         Debug\COMARC_mul_div.obj
       Manifest:
         C:\Program Files (x86)\Microsoft SDKs\Windows\v7.0A\bin\mt.exe /nologo /verbose /out:"Debug\COMARC_mul_div.exe.embed.manifest" /manifest Debug\COMARC_mul_div.exe.intermediate.manifest
         모든 출력이 최신 상태입니다.
       LinkEmbedManifest:
         모든 출력이 최신 상태입니다.
         COMARC_mul_div.vcxproj -> C:\visualC\COMARC_mul_div\Debug\COMARC_mul_div.exe
       FinalizeBuildStatus:
         "Debug\COMARC_mul_div.unsuccessfulbuild" 파일을 삭제하고 있습니다.
         "Debug\COMARC_mul_div.lastbuildstate"에 연결(touching)하고 있습니다.
     1>"C:\visualC\COMARC_mul_div\COMARC_mul_div\COMARC_mul_div.vcxproj" 프로젝트를 빌드했습니다(build 대상).

빌드했습니다.

경과 시간: 00:00:00.48
